Content-Type: multipart/alternative;
 boundary="===============6104989158421609065=="
MIME-Version: 1.0
Subject: Profile activation
From: test@example.com
To: shahvyomb@gmail.com
Date: Mon, 20 Jan 2020 00:32:57 -0000
Message-ID: 
 <157948037709.79127.1233331041770137925@ShahFamilys-MacBook-Air.local>

--===============6104989158421609065==
Content-Type: text/plain; charset="utf-8"
MIME-Version: 1.0
Content-Transfer-Encoding: 7bit



To activate your profile, please follow this link:

http://127.0.0.1:8000/CSHLLogin/activate/h72ndm3KXDpz1EaPUHn0/

--===============6104989158421609065==
Content-Type: text/html; charset="utf-8"
MIME-Version: 1.0
Content-Transfer-Encoding: 7bit



<!DOCTYPE html PUBLIC "-//W3C//DTD XHTML 1.0 Transitional//EN"
        "http://www.w3.org/TR/xhtml1/DTD/xhtml1-transitional.dtd">
<html xmlns="http://www.w3.org/1999/xhtml">
<head>
    <meta http-equiv="Content-Type" content="text/html; charset=UTF-8"/>
    <title>Profile activation</title>
    <meta name="viewport" content="width=device-width, initial-scale=1.0"/>
</head>

<body>

<p>
    To activate your profile, please follow this link:
</p>

<p>
    <a href="http://127.0.0.1:8000/CSHLLogin/activate/h72ndm3KXDpz1EaPUHn0/">http://127.0.0.1:8000/CSHLLogin/activate/h72ndm3KXDpz1EaPUHn0/</a>
</p>

</body>

</html>

--===============6104989158421609065==--

-------------------------------------------------------------------------------
