Content-Type: multipart/alternative;
 boundary="===============3099994887018244700=="
MIME-Version: 1.0
Subject: Profile activation
From: test@example.com
To: shahvyomb@gmail.com
Date: Fri, 31 Jan 2020 01:03:21 -0000
Message-ID: 
 <158043260199.21372.10295137585494926037@ShahFamilys-MacBook-Air.local>

--===============3099994887018244700==
Content-Type: text/plain; charset="utf-8"
MIME-Version: 1.0
Content-Transfer-Encoding: 7bit



To activate your profile, please follow this link:

http://127.0.0.1:8000/CSHLLogin/activate/jUBHdQb6FeCpXPet2vHe/

--===============3099994887018244700==
Content-Type: text/html; charset="utf-8"
MIME-Version: 1.0
Content-Transfer-Encoding: 7bit



<!DOCTYPE html PUBLIC "-//W3C//DTD XHTML 1.0 Transitional//EN"
        "http://www.w3.org/TR/xhtml1/DTD/xhtml1-transitional.dtd">
<html xmlns="http://www.w3.org/1999/xhtml">
<head>
    <meta http-equiv="Content-Type" content="text/html; charset=UTF-8"/>
    <title>Profile activation</title>
    <meta name="viewport" content="width=device-width, initial-scale=1.0"/>
</head>

<body>

<p>
    To activate your profile, please follow this link:
</p>

<p>
    <a href="http://127.0.0.1:8000/CSHLLogin/activate/jUBHdQb6FeCpXPet2vHe/">http://127.0.0.1:8000/CSHLLogin/activate/jUBHdQb6FeCpXPet2vHe/</a>
</p>

</body>

</html>

--===============3099994887018244700==--

-------------------------------------------------------------------------------
